Vivado Simulator 2019.1
Time resolution is 1 ps
Note: Peekaboo!
Time: 0 ps  Iteration: 0  Process: /T02_WaitForTb/line__7  File: D:/V/VHDL-Projects/T02_WaitFor/T02_WaitFor.srcs/sources_1/imports/exercises/T02_WaitForTb.vhd
Note: Peekaboo!
Time: 10 ns  Iteration: 0  Process: /T02_WaitForTb/line__7  File: D:/V/VHDL-Projects/T02_WaitFor/T02_WaitFor.srcs/sources_1/imports/exercises/T02_WaitForTb.vhd
Note: Peekaboo!
Time: 20 ns  Iteration: 0  Process: /T02_WaitForTb/line__7  File: D:/V/VHDL-Projects/T02_WaitFor/T02_WaitFor.srcs/sources_1/imports/exercises/T02_WaitForTb.vhd
Note: Peekaboo!
Time: 30 ns  Iteration: 0  Process: /T02_WaitForTb/line__7  File: D:/V/VHDL-Projects/T02_WaitFor/T02_WaitFor.srcs/sources_1/imports/exercises/T02_WaitForTb.vhd
Note: Peekaboo!
Time: 40 ns  Iteration: 0  Process: /T02_WaitForTb/line__7  File: D:/V/VHDL-Projects/T02_WaitFor/T02_WaitFor.srcs/sources_1/imports/exercises/T02_WaitForTb.vhd
Note: Peekaboo!
Time: 50 ns  Iteration: 0  Process: /T02_WaitForTb/line__7  File: D:/V/VHDL-Projects/T02_WaitFor/T02_WaitFor.srcs/sources_1/imports/exercises/T02_WaitForTb.vhd
Note: Peekaboo!
Time: 60 ns  Iteration: 0  Process: /T02_WaitForTb/line__7  File: D:/V/VHDL-Projects/T02_WaitFor/T02_WaitFor.srcs/sources_1/imports/exercises/T02_WaitForTb.vhd
Note: Peekaboo!
Time: 70 ns  Iteration: 0  Process: /T02_WaitForTb/line__7  File: D:/V/VHDL-Projects/T02_WaitFor/T02_WaitFor.srcs/sources_1/imports/exercises/T02_WaitForTb.vhd
Note: Peekaboo!
Time: 80 ns  Iteration: 0  Process: /T02_WaitForTb/line__7  File: D:/V/VHDL-Projects/T02_WaitFor/T02_WaitFor.srcs/sources_1/imports/exercises/T02_WaitForTb.vhd
Note: Peekaboo!
Time: 90 ns  Iteration: 0  Process: /T02_WaitForTb/line__7  File: D:/V/VHDL-Projects/T02_WaitFor/T02_WaitFor.srcs/sources_1/imports/exercises/T02_WaitForTb.vhd
Note: Peekaboo!
Time: 100 ns  Iteration: 0  Process: /T02_WaitForTb/line__7  File: D:/V/VHDL-Projects/T02_WaitFor/T02_WaitFor.srcs/sources_1/imports/exercises/T02_WaitForTb.vhd
Note: Peekaboo!
Time: 110 ns  Iteration: 0  Process: /T02_WaitForTb/line__7  File: D:/V/VHDL-Projects/T02_WaitFor/T02_WaitFor.srcs/sources_1/imports/exercises/T02_WaitForTb.vhd
Note: Peekaboo!
Time: 120 ns  Iteration: 0  Process: /T02_WaitForTb/line__7  File: D:/V/VHDL-Projects/T02_WaitFor/T02_WaitFor.srcs/sources_1/imports/exercises/T02_WaitForTb.vhd
Note: Peekaboo!
Time: 130 ns  Iteration: 0  Process: /T02_WaitForTb/line__7  File: D:/V/VHDL-Projects/T02_WaitFor/T02_WaitFor.srcs/sources_1/imports/exercises/T02_WaitForTb.vhd
Note: Peekaboo!
Time: 140 ns  Iteration: 0  Process: /T02_WaitForTb/line__7  File: D:/V/VHDL-Projects/T02_WaitFor/T02_WaitFor.srcs/sources_1/imports/exercises/T02_WaitForTb.vhd
Note: Peekaboo!
Time: 150 ns  Iteration: 0  Process: /T02_WaitForTb/line__7  File: D:/V/VHDL-Projects/T02_WaitFor/T02_WaitFor.srcs/sources_1/imports/exercises/T02_WaitForTb.vhd
Note: Peekaboo!
Time: 160 ns  Iteration: 0  Process: /T02_WaitForTb/line__7  File: D:/V/VHDL-Projects/T02_WaitFor/T02_WaitFor.srcs/sources_1/imports/exercises/T02_WaitForTb.vhd
Note: Peekaboo!
Time: 170 ns  Iteration: 0  Process: /T02_WaitForTb/line__7  File: D:/V/VHDL-Projects/T02_WaitFor/T02_WaitFor.srcs/sources_1/imports/exercises/T02_WaitForTb.vhd
Note: Peekaboo!
Time: 180 ns  Iteration: 0  Process: /T02_WaitForTb/line__7  File: D:/V/VHDL-Projects/T02_WaitFor/T02_WaitFor.srcs/sources_1/imports/exercises/T02_WaitForTb.vhd
Note: Peekaboo!
Time: 190 ns  Iteration: 0  Process: /T02_WaitForTb/line__7  File: D:/V/VHDL-Projects/T02_WaitFor/T02_WaitFor.srcs/sources_1/imports/exercises/T02_WaitForTb.vhd
Note: Peekaboo!
Time: 200 ns  Iteration: 0  Process: /T02_WaitForTb/line__7  File: D:/V/VHDL-Projects/T02_WaitFor/T02_WaitFor.srcs/sources_1/imports/exercises/T02_WaitForTb.vhd
Note: Peekaboo!
Time: 210 ns  Iteration: 0  Process: /T02_WaitForTb/line__7  File: D:/V/VHDL-Projects/T02_WaitFor/T02_WaitFor.srcs/sources_1/imports/exercises/T02_WaitForTb.vhd
Note: Peekaboo!
Time: 220 ns  Iteration: 0  Process: /T02_WaitForTb/line__7  File: D:/V/VHDL-Projects/T02_WaitFor/T02_WaitFor.srcs/sources_1/imports/exercises/T02_WaitForTb.vhd
Note: Peekaboo!
Time: 230 ns  Iteration: 0  Process: /T02_WaitForTb/line__7  File: D:/V/VHDL-Projects/T02_WaitFor/T02_WaitFor.srcs/sources_1/imports/exercises/T02_WaitForTb.vhd
Note: Peekaboo!
Time: 240 ns  Iteration: 0  Process: /T02_WaitForTb/line__7  File: D:/V/VHDL-Projects/T02_WaitFor/T02_WaitFor.srcs/sources_1/imports/exercises/T02_WaitForTb.vhd
Note: Peekaboo!
Time: 250 ns  Iteration: 0  Process: /T02_WaitForTb/line__7  File: D:/V/VHDL-Projects/T02_WaitFor/T02_WaitFor.srcs/sources_1/imports/exercises/T02_WaitForTb.vhd
Note: Peekaboo!
Time: 260 ns  Iteration: 0  Process: /T02_WaitForTb/line__7  File: D:/V/VHDL-Projects/T02_WaitFor/T02_WaitFor.srcs/sources_1/imports/exercises/T02_WaitForTb.vhd
Note: Peekaboo!
Time: 270 ns  Iteration: 0  Process: /T02_WaitForTb/line__7  File: D:/V/VHDL-Projects/T02_WaitFor/T02_WaitFor.srcs/sources_1/imports/exercises/T02_WaitForTb.vhd
Note: Peekaboo!
Time: 280 ns  Iteration: 0  Process: /T02_WaitForTb/line__7  File: D:/V/VHDL-Projects/T02_WaitFor/T02_WaitFor.srcs/sources_1/imports/exercises/T02_WaitForTb.vhd
Note: Peekaboo!
Time: 290 ns  Iteration: 0  Process: /T02_WaitForTb/line__7  File: D:/V/VHDL-Projects/T02_WaitFor/T02_WaitFor.srcs/sources_1/imports/exercises/T02_WaitForTb.vhd
Note: Peekaboo!
Time: 300 ns  Iteration: 0  Process: /T02_WaitForTb/line__7  File: D:/V/VHDL-Projects/T02_WaitFor/T02_WaitFor.srcs/sources_1/imports/exercises/T02_WaitForTb.vhd
Note: Peekaboo!
Time: 310 ns  Iteration: 0  Process: /T02_WaitForTb/line__7  File: D:/V/VHDL-Projects/T02_WaitFor/T02_WaitFor.srcs/sources_1/imports/exercises/T02_WaitForTb.vhd
Note: Peekaboo!
Time: 320 ns  Iteration: 0  Process: /T02_WaitForTb/line__7  File: D:/V/VHDL-Projects/T02_WaitFor/T02_WaitFor.srcs/sources_1/imports/exercises/T02_WaitForTb.vhd
Note: Peekaboo!
Time: 330 ns  Iteration: 0  Process: /T02_WaitForTb/line__7  File: D:/V/VHDL-Projects/T02_WaitFor/T02_WaitFor.srcs/sources_1/imports/exercises/T02_WaitForTb.vhd
Note: Peekaboo!
Time: 340 ns  Iteration: 0  Process: /T02_WaitForTb/line__7  File: D:/V/VHDL-Projects/T02_WaitFor/T02_WaitFor.srcs/sources_1/imports/exercises/T02_WaitForTb.vhd
Note: Peekaboo!
Time: 350 ns  Iteration: 0  Process: /T02_WaitForTb/line__7  File: D:/V/VHDL-Projects/T02_WaitFor/T02_WaitFor.srcs/sources_1/imports/exercises/T02_WaitForTb.vhd
Note: Peekaboo!
Time: 360 ns  Iteration: 0  Process: /T02_WaitForTb/line__7  File: D:/V/VHDL-Projects/T02_WaitFor/T02_WaitFor.srcs/sources_1/imports/exercises/T02_WaitForTb.vhd
Note: Peekaboo!
Time: 370 ns  Iteration: 0  Process: /T02_WaitForTb/line__7  File: D:/V/VHDL-Projects/T02_WaitFor/T02_WaitFor.srcs/sources_1/imports/exercises/T02_WaitForTb.vhd
Note: Peekaboo!
Time: 380 ns  Iteration: 0  Process: /T02_WaitForTb/line__7  File: D:/V/VHDL-Projects/T02_WaitFor/T02_WaitFor.srcs/sources_1/imports/exercises/T02_WaitForTb.vhd
Note: Peekaboo!
Time: 390 ns  Iteration: 0  Process: /T02_WaitForTb/line__7  File: D:/V/VHDL-Projects/T02_WaitFor/T02_WaitFor.srcs/sources_1/imports/exercises/T02_WaitForTb.vhd
Note: Peekaboo!
Time: 400 ns  Iteration: 0  Process: /T02_WaitForTb/line__7  File: D:/V/VHDL-Projects/T02_WaitFor/T02_WaitFor.srcs/sources_1/imports/exercises/T02_WaitForTb.vhd
Note: Peekaboo!
Time: 410 ns  Iteration: 0  Process: /T02_WaitForTb/line__7  File: D:/V/VHDL-Projects/T02_WaitFor/T02_WaitFor.srcs/sources_1/imports/exercises/T02_WaitForTb.vhd
Note: Peekaboo!
Time: 420 ns  Iteration: 0  Process: /T02_WaitForTb/line__7  File: D:/V/VHDL-Projects/T02_WaitFor/T02_WaitFor.srcs/sources_1/imports/exercises/T02_WaitForTb.vhd
Note: Peekaboo!
Time: 430 ns  Iteration: 0  Process: /T02_WaitForTb/line__7  File: D:/V/VHDL-Projects/T02_WaitFor/T02_WaitFor.srcs/sources_1/imports/exercises/T02_WaitForTb.vhd
Note: Peekaboo!
Time: 440 ns  Iteration: 0  Process: /T02_WaitForTb/line__7  File: D:/V/VHDL-Projects/T02_WaitFor/T02_WaitFor.srcs/sources_1/imports/exercises/T02_WaitForTb.vhd
Note: Peekaboo!
Time: 450 ns  Iteration: 0  Process: /T02_WaitForTb/line__7  File: D:/V/VHDL-Projects/T02_WaitFor/T02_WaitFor.srcs/sources_1/imports/exercises/T02_WaitForTb.vhd
Note: Peekaboo!
Time: 460 ns  Iteration: 0  Process: /T02_WaitForTb/line__7  File: D:/V/VHDL-Projects/T02_WaitFor/T02_WaitFor.srcs/sources_1/imports/exercises/T02_WaitForTb.vhd
Note: Peekaboo!
Time: 470 ns  Iteration: 0  Process: /T02_WaitForTb/line__7  File: D:/V/VHDL-Projects/T02_WaitFor/T02_WaitFor.srcs/sources_1/imports/exercises/T02_WaitForTb.vhd
Note: Peekaboo!
Time: 480 ns  Iteration: 0  Process: /T02_WaitForTb/line__7  File: D:/V/VHDL-Projects/T02_WaitFor/T02_WaitFor.srcs/sources_1/imports/exercises/T02_WaitForTb.vhd
Note: Peekaboo!
Time: 490 ns  Iteration: 0  Process: /T02_WaitForTb/line__7  File: D:/V/VHDL-Projects/T02_WaitFor/T02_WaitFor.srcs/sources_1/imports/exercises/T02_WaitForTb.vhd
Note: Peekaboo!
Time: 500 ns  Iteration: 0  Process: /T02_WaitForTb/line__7  File: D:/V/VHDL-Projects/T02_WaitFor/T02_WaitFor.srcs/sources_1/imports/exercises/T02_WaitForTb.vhd
Note: Peekaboo!
Time: 510 ns  Iteration: 0  Process: /T02_WaitForTb/line__7  File: D:/V/VHDL-Projects/T02_WaitFor/T02_WaitFor.srcs/sources_1/imports/exercises/T02_WaitForTb.vhd
Note: Peekaboo!
Time: 520 ns  Iteration: 0  Process: /T02_WaitForTb/line__7  File: D:/V/VHDL-Projects/T02_WaitFor/T02_WaitFor.srcs/sources_1/imports/exercises/T02_WaitForTb.vhd
Note: Peekaboo!
Time: 530 ns  Iteration: 0  Process: /T02_WaitForTb/line__7  File: D:/V/VHDL-Projects/T02_WaitFor/T02_WaitFor.srcs/sources_1/imports/exercises/T02_WaitForTb.vhd
Note: Peekaboo!
Time: 540 ns  Iteration: 0  Process: /T02_WaitForTb/line__7  File: D:/V/VHDL-Projects/T02_WaitFor/T02_WaitFor.srcs/sources_1/imports/exercises/T02_WaitForTb.vhd
Note: Peekaboo!
Time: 550 ns  Iteration: 0  Process: /T02_WaitForTb/line__7  File: D:/V/VHDL-Projects/T02_WaitFor/T02_WaitFor.srcs/sources_1/imports/exercises/T02_WaitForTb.vhd
Note: Peekaboo!
Time: 560 ns  Iteration: 0  Process: /T02_WaitForTb/line__7  File: D:/V/VHDL-Projects/T02_WaitFor/T02_WaitFor.srcs/sources_1/imports/exercises/T02_WaitForTb.vhd
Note: Peekaboo!
Time: 570 ns  Iteration: 0  Process: /T02_WaitForTb/line__7  File: D:/V/VHDL-Projects/T02_WaitFor/T02_WaitFor.srcs/sources_1/imports/exercises/T02_WaitForTb.vhd
Note: Peekaboo!
Time: 580 ns  Iteration: 0  Process: /T02_WaitForTb/line__7  File: D:/V/VHDL-Projects/T02_WaitFor/T02_WaitFor.srcs/sources_1/imports/exercises/T02_WaitForTb.vhd
Note: Peekaboo!
Time: 590 ns  Iteration: 0  Process: /T02_WaitForTb/line__7  File: D:/V/VHDL-Projects/T02_WaitFor/T02_WaitFor.srcs/sources_1/imports/exercises/T02_WaitForTb.vhd
Note: Peekaboo!
Time: 600 ns  Iteration: 0  Process: /T02_WaitForTb/line__7  File: D:/V/VHDL-Projects/T02_WaitFor/T02_WaitFor.srcs/sources_1/imports/exercises/T02_WaitForTb.vhd
Note: Peekaboo!
Time: 610 ns  Iteration: 0  Process: /T02_WaitForTb/line__7  File: D:/V/VHDL-Projects/T02_WaitFor/T02_WaitFor.srcs/sources_1/imports/exercises/T02_WaitForTb.vhd
Note: Peekaboo!
Time: 620 ns  Iteration: 0  Process: /T02_WaitForTb/line__7  File: D:/V/VHDL-Projects/T02_WaitFor/T02_WaitFor.srcs/sources_1/imports/exercises/T02_WaitForTb.vhd
Note: Peekaboo!
Time: 630 ns  Iteration: 0  Process: /T02_WaitForTb/line__7  File: D:/V/VHDL-Projects/T02_WaitFor/T02_WaitFor.srcs/sources_1/imports/exercises/T02_WaitForTb.vhd
Note: Peekaboo!
Time: 640 ns  Iteration: 0  Process: /T02_WaitForTb/line__7  File: D:/V/VHDL-Projects/T02_WaitFor/T02_WaitFor.srcs/sources_1/imports/exercises/T02_WaitForTb.vhd
Note: Peekaboo!
Time: 650 ns  Iteration: 0  Process: /T02_WaitForTb/line__7  File: D:/V/VHDL-Projects/T02_WaitFor/T02_WaitFor.srcs/sources_1/imports/exercises/T02_WaitForTb.vhd
Note: Peekaboo!
Time: 660 ns  Iteration: 0  Process: /T02_WaitForTb/line__7  File: D:/V/VHDL-Projects/T02_WaitFor/T02_WaitFor.srcs/sources_1/imports/exercises/T02_WaitForTb.vhd
Note: Peekaboo!
Time: 670 ns  Iteration: 0  Process: /T02_WaitForTb/line__7  File: D:/V/VHDL-Projects/T02_WaitFor/T02_WaitFor.srcs/sources_1/imports/exercises/T02_WaitForTb.vhd
Note: Peekaboo!
Time: 680 ns  Iteration: 0  Process: /T02_WaitForTb/line__7  File: D:/V/VHDL-Projects/T02_WaitFor/T02_WaitFor.srcs/sources_1/imports/exercises/T02_WaitForTb.vhd
Note: Peekaboo!
Time: 690 ns  Iteration: 0  Process: /T02_WaitForTb/line__7  File: D:/V/VHDL-Projects/T02_WaitFor/T02_WaitFor.srcs/sources_1/imports/exercises/T02_WaitForTb.vhd
Note: Peekaboo!
Time: 700 ns  Iteration: 0  Process: /T02_WaitForTb/line__7  File: D:/V/VHDL-Projects/T02_WaitFor/T02_WaitFor.srcs/sources_1/imports/exercises/T02_WaitForTb.vhd
Note: Peekaboo!
Time: 710 ns  Iteration: 0  Process: /T02_WaitForTb/line__7  File: D:/V/VHDL-Projects/T02_WaitFor/T02_WaitFor.srcs/sources_1/imports/exercises/T02_WaitForTb.vhd
Note: Peekaboo!
Time: 720 ns  Iteration: 0  Process: /T02_WaitForTb/line__7  File: D:/V/VHDL-Projects/T02_WaitFor/T02_WaitFor.srcs/sources_1/imports/exercises/T02_WaitForTb.vhd
Note: Peekaboo!
Time: 730 ns  Iteration: 0  Process: /T02_WaitForTb/line__7  File: D:/V/VHDL-Projects/T02_WaitFor/T02_WaitFor.srcs/sources_1/imports/exercises/T02_WaitForTb.vhd
Note: Peekaboo!
Time: 740 ns  Iteration: 0  Process: /T02_WaitForTb/line__7  File: D:/V/VHDL-Projects/T02_WaitFor/T02_WaitFor.srcs/sources_1/imports/exercises/T02_WaitForTb.vhd
Note: Peekaboo!
Time: 750 ns  Iteration: 0  Process: /T02_WaitForTb/line__7  File: D:/V/VHDL-Projects/T02_WaitFor/T02_WaitFor.srcs/sources_1/imports/exercises/T02_WaitForTb.vhd
Note: Peekaboo!
Time: 760 ns  Iteration: 0  Process: /T02_WaitForTb/line__7  File: D:/V/VHDL-Projects/T02_WaitFor/T02_WaitFor.srcs/sources_1/imports/exercises/T02_WaitForTb.vhd
Note: Peekaboo!
Time: 770 ns  Iteration: 0  Process: /T02_WaitForTb/line__7  File: D:/V/VHDL-Projects/T02_WaitFor/T02_WaitFor.srcs/sources_1/imports/exercises/T02_WaitForTb.vhd
Note: Peekaboo!
Time: 780 ns  Iteration: 0  Process: /T02_WaitForTb/line__7  File: D:/V/VHDL-Projects/T02_WaitFor/T02_WaitFor.srcs/sources_1/imports/exercises/T02_WaitForTb.vhd
Note: Peekaboo!
Time: 790 ns  Iteration: 0  Process: /T02_WaitForTb/line__7  File: D:/V/VHDL-Projects/T02_WaitFor/T02_WaitFor.srcs/sources_1/imports/exercises/T02_WaitForTb.vhd
Note: Peekaboo!
Time: 800 ns  Iteration: 0  Process: /T02_WaitForTb/line__7  File: D:/V/VHDL-Projects/T02_WaitFor/T02_WaitFor.srcs/sources_1/imports/exercises/T02_WaitForTb.vhd
Note: Peekaboo!
Time: 810 ns  Iteration: 0  Process: /T02_WaitForTb/line__7  File: D:/V/VHDL-Projects/T02_WaitFor/T02_WaitFor.srcs/sources_1/imports/exercises/T02_WaitForTb.vhd
Note: Peekaboo!
Time: 820 ns  Iteration: 0  Process: /T02_WaitForTb/line__7  File: D:/V/VHDL-Projects/T02_WaitFor/T02_WaitFor.srcs/sources_1/imports/exercises/T02_WaitForTb.vhd
Note: Peekaboo!
Time: 830 ns  Iteration: 0  Process: /T02_WaitForTb/line__7  File: D:/V/VHDL-Projects/T02_WaitFor/T02_WaitFor.srcs/sources_1/imports/exercises/T02_WaitForTb.vhd
Note: Peekaboo!
Time: 840 ns  Iteration: 0  Process: /T02_WaitForTb/line__7  File: D:/V/VHDL-Projects/T02_WaitFor/T02_WaitFor.srcs/sources_1/imports/exercises/T02_WaitForTb.vhd
Note: Peekaboo!
Time: 850 ns  Iteration: 0  Process: /T02_WaitForTb/line__7  File: D:/V/VHDL-Projects/T02_WaitFor/T02_WaitFor.srcs/sources_1/imports/exercises/T02_WaitForTb.vhd
Note: Peekaboo!
Time: 860 ns  Iteration: 0  Process: /T02_WaitForTb/line__7  File: D:/V/VHDL-Projects/T02_WaitFor/T02_WaitFor.srcs/sources_1/imports/exercises/T02_WaitForTb.vhd
Note: Peekaboo!
Time: 870 ns  Iteration: 0  Process: /T02_WaitForTb/line__7  File: D:/V/VHDL-Projects/T02_WaitFor/T02_WaitFor.srcs/sources_1/imports/exercises/T02_WaitForTb.vhd
Note: Peekaboo!
Time: 880 ns  Iteration: 0  Process: /T02_WaitForTb/line__7  File: D:/V/VHDL-Projects/T02_WaitFor/T02_WaitFor.srcs/sources_1/imports/exercises/T02_WaitForTb.vhd
Note: Peekaboo!
Time: 890 ns  Iteration: 0  Process: /T02_WaitForTb/line__7  File: D:/V/VHDL-Projects/T02_WaitFor/T02_WaitFor.srcs/sources_1/imports/exercises/T02_WaitForTb.vhd
Note: Peekaboo!
Time: 900 ns  Iteration: 0  Process: /T02_WaitForTb/line__7  File: D:/V/VHDL-Projects/T02_WaitFor/T02_WaitFor.srcs/sources_1/imports/exercises/T02_WaitForTb.vhd
Note: Peekaboo!
Time: 910 ns  Iteration: 0  Process: /T02_WaitForTb/line__7  File: D:/V/VHDL-Projects/T02_WaitFor/T02_WaitFor.srcs/sources_1/imports/exercises/T02_WaitForTb.vhd
Note: Peekaboo!
Time: 920 ns  Iteration: 0  Process: /T02_WaitForTb/line__7  File: D:/V/VHDL-Projects/T02_WaitFor/T02_WaitFor.srcs/sources_1/imports/exercises/T02_WaitForTb.vhd
Note: Peekaboo!
Time: 930 ns  Iteration: 0  Process: /T02_WaitForTb/line__7  File: D:/V/VHDL-Projects/T02_WaitFor/T02_WaitFor.srcs/sources_1/imports/exercises/T02_WaitForTb.vhd
Note: Peekaboo!
Time: 940 ns  Iteration: 0  Process: /T02_WaitForTb/line__7  File: D:/V/VHDL-Projects/T02_WaitFor/T02_WaitFor.srcs/sources_1/imports/exercises/T02_WaitForTb.vhd
Note: Peekaboo!
Time: 950 ns  Iteration: 0  Process: /T02_WaitForTb/line__7  File: D:/V/VHDL-Projects/T02_WaitFor/T02_WaitFor.srcs/sources_1/imports/exercises/T02_WaitForTb.vhd
Note: Peekaboo!
Time: 960 ns  Iteration: 0  Process: /T02_WaitForTb/line__7  File: D:/V/VHDL-Projects/T02_WaitFor/T02_WaitFor.srcs/sources_1/imports/exercises/T02_WaitForTb.vhd
Note: Peekaboo!
Time: 970 ns  Iteration: 0  Process: /T02_WaitForTb/line__7  File: D:/V/VHDL-Projects/T02_WaitFor/T02_WaitFor.srcs/sources_1/imports/exercises/T02_WaitForTb.vhd
Note: Peekaboo!
Time: 980 ns  Iteration: 0  Process: /T02_WaitForTb/line__7  File: D:/V/VHDL-Projects/T02_WaitFor/T02_WaitFor.srcs/sources_1/imports/exercises/T02_WaitForTb.vhd
Note: Peekaboo!
Time: 990 ns  Iteration: 0  Process: /T02_WaitForTb/line__7  File: D:/V/VHDL-Projects/T02_WaitFor/T02_WaitFor.srcs/sources_1/imports/exercises/T02_WaitForTb.vhd
Note: Peekaboo!
Time: 1 us  Iteration: 0  Process: /T02_WaitForTb/line__7  File: D:/V/VHDL-Projects/T02_WaitFor/T02_WaitFor.srcs/sources_1/imports/exercises/T02_WaitForTb.vhd
